\BOOKMARK [1][]{section.1}{一、 问题重述}{}% 1
\BOOKMARK [2][]{subsection.1.1}{1.1 问题背景}{section.1}% 2
\BOOKMARK [2][]{subsection.1.2}{1.2 问题提出}{section.1}% 3
\BOOKMARK [1][]{section.2}{二、 问题分析}{}% 4
\BOOKMARK [2][]{subsection.2.1}{2.1 问题一的分析}{section.2}% 5
\BOOKMARK [2][]{subsection.2.2}{2.2 问题二的分析}{section.2}% 6
\BOOKMARK [2][]{subsection.2.3}{2.3 问题三的分析}{section.2}% 7
\BOOKMARK [1][]{section.3}{三、 模型假设}{}% 8
\BOOKMARK [1][]{section.4}{四、 符号说明}{}% 9
\BOOKMARK [1][]{section.5}{五、 模型的建立与求解}{}% 10
\BOOKMARK [2][]{subsection.5.1}{5.1 问题一模型的建立与求解}{section.5}% 11
\BOOKMARK [3][]{subsubsection.5.1.1}{5.1.1 数据预处理}{subsection.5.1}% 12
\BOOKMARK [3][]{subsubsection.5.1.2}{5.1.2 未配置储能经济性分析}{subsection.5.1}% 13
\BOOKMARK [3][]{subsubsection.5.1.3}{5.1.3 储能运行与购电模型}{subsection.5.1}% 14
\BOOKMARK [3][]{subsubsection.5.1.4}{5.1.4 储能配置模型}{subsection.5.1}% 15
\BOOKMARK [3][]{subsubsection.5.1.5}{5.1.5 经济性对比分析}{subsection.5.1}% 16
\BOOKMARK [2][]{subsection.5.2}{5.2 问题二模型的建立与求解}{section.5}% 17
\BOOKMARK [3][]{subsubsection.5.2.1}{5.2.1 未配置储能经济性分析}{subsection.5.2}% 18
\BOOKMARK [3][]{subsubsection.5.2.2}{5.2.2 联合园区储能配置模型}{subsection.5.2}% 19
\BOOKMARK [3][]{subsubsection.5.2.3}{5.2.3 SQP算法求解}{subsection.5.2}% 20
\BOOKMARK [3][]{subsubsection.5.2.4}{5.2.4 联合园区经济性收益的分析}{subsection.5.2}% 21
\BOOKMARK [2][]{subsection.5.3}{5.3 问题三模型}{section.5}% 22
\BOOKMARK [3][]{subsubsection.5.3.1}{5.3.1 风光储协调配置模型}{subsection.5.3}% 23
\BOOKMARK [3][]{subsubsection.5.3.2}{5.3.2 全年协调配置方案模型}{subsection.5.3}% 24
\BOOKMARK [1][]{section.6}{六、 模型的评价与推广}{}% 25
\BOOKMARK [2][]{subsection.6.1}{6.1 优点与缺点}{section.6}% 26
\BOOKMARK [3][]{subsubsection.6.1.1}{6.1.1 优点}{subsection.6.1}% 27
\BOOKMARK [3][]{subsubsection.6.1.2}{6.1.2 缺点}{subsection.6.1}% 28
\BOOKMARK [2][]{subsection.6.2}{6.2 推广}{section.6}% 29
\BOOKMARK [1][]{section*.27}{参考文献}{}% 30
\BOOKMARK [1][]{附录.a.A}{附录 A 程序代码}{}% 31
